<?xml version="1.0" encoding="UTF-8"?>
<!-- Generated by org.testng.reporters.JUnitXMLReporter -->
<testsuite hostname="DESKTOP-PFUQSED" ignored="3" name="Test in Chrome" tests="3" failures="0" timestamp="07 Apr 2019 16:33:09 GMT" time="0.06" errors="0">
  <testcase name="talentTEK1" time="0.013" classname="prec.Grouping"/>
  <testcase name="talentTEK_Consulting" time="0.007" classname="prec.Grouping"/>
  <testcase name="myTest" time="0.003" classname="prec.AnnotationPrec"/>
  <testcase name="Consulting2" time="0.0" classname="prec.Grouping">
    <ignored/>
  </testcase> <!-- Consulting2 -->
  <testcase name="talentTEK2" time="0.0" classname="prec.Grouping">
    <ignored/>
  </testcase> <!-- talentTEK2 -->
  <testcase name="my2Test" time="0.0" classname="prec.AnnotationPrec">
    <ignored/>
  </testcase> <!-- my2Test -->
</testsuite> <!-- Test in Chrome -->
