<?xml version="1.0" encoding="UTF-8"?>
<!-- Generated by org.testng.reporters.JUnitXMLReporter -->
<testsuite hostname="DESKTOP-PFUQSED" ignored="1" name="Test" tests="9" failures="1" timestamp="07 Apr 2019 15:43:09 GMT" time="11.62" errors="0">
  <testcase name="tryCatchTest" time="0.013" classname="prec.PrecTryCatch"/>
  <testcase name="my2Test" time="0.003" classname="prec.AnnotationPrec"/>
  <testcase name="myTest" time="0.002" classname="prec.AnnotationPrec"/>
  <testcase name="tryCatchTest" time="0.002" classname="prec.PrecticeAssert">
    <failure type="java.lang.AssertionError" message="expected [google] but found [googleee]">
      <![CDATA[java.lang.AssertionError: expected [google] but found [googleee]
	at prec.PrecticeAssert.tryCatchTest(PrecticeAssert.java:12)
... Removed 31 stack frames]]>
    </failure>
  </testcase> <!-- tryCatchTest -->
  <testcase name="testFacebookEmailPass" time="0.559" classname="test.facebook.login.FacebookEmailPass"/>
  <testcase name="logInTest" time="0.006" classname="prec.PriorityPrec"/>
  <testcase name="changePass" time="0.008" classname="prec.PriorityPrec"/>
  <testcase name="logOutTest" time="0.003" classname="prec.PriorityPrec"/>
  <testcase name="goinToSkipTest" time="0.009" classname="prec.PriorityPrec">
    <skipped/>
  </testcase> <!-- goinToSkipTest -->
  <testcase name="dontRunThisTest" time="0.0" classname="prec.PriorityPrec">
    <ignored/>
  </testcase> <!-- dontRunThisTest -->
</testsuite> <!-- Test -->
