<?xml version="1.0" encoding="UTF-8"?>
<testng-results skipped="0" failed="0" ignored="0" total="2" passed="2">
  <reporter-output>
  </reporter-output>
  <suite name="Default suite" duration-ms="18367" started-at="2019-04-15T00:36:40Z" finished-at="2019-04-15T00:36:58Z">
    <groups>
    </groups>
    <test name="Default test" duration-ms="18367" started-at="2019-04-15T00:36:40Z" finished-at="2019-04-15T00:36:58Z">
      <class name="prec.ReadFromXl">
        <test-method status="PASS" signature="beforeEachTest()[pri:0, instance:prec.ReadFromXl@5bd03f44]" name="beforeEachTest" is-config="true" duration-ms="9682" started-at="2019-04-14T20:36:40Z" finished-at="2019-04-14T20:36:49Z">
          <reporter-output>
          </reporter-output>
        </test-method> <!-- beforeEachTest -->
        <test-method status="PASS" signature="testReadFromXL()[pri:0, instance:prec.ReadFromXl@5bd03f44]" name="testReadFromXL" duration-ms="616" started-at="2019-04-14T20:36:49Z" finished-at="2019-04-14T20:36:50Z">
          <reporter-output>
          </reporter-output>
        </test-method> <!-- testReadFromXL -->
        <test-method status="PASS" signature="afterEachTest()[pri:0, instance:prec.ReadFromXl@5bd03f44]" name="afterEachTest" is-config="true" duration-ms="0" started-at="2019-04-14T20:36:50Z" finished-at="2019-04-14T20:36:50Z">
          <reporter-output>
          </reporter-output>
        </test-method> <!-- afterEachTest -->
        <test-method status="PASS" signature="beforeEachTest()[pri:0, instance:prec.ReadFromXl@5bd03f44]" name="beforeEachTest" is-config="true" duration-ms="7368" started-at="2019-04-14T20:36:50Z" finished-at="2019-04-14T20:36:57Z">
          <reporter-output>
          </reporter-output>
        </test-method> <!-- beforeEachTest -->
        <test-method status="PASS" signature="testWriteInXl()[pri:0, instance:prec.ReadFromXl@5bd03f44]" name="testWriteInXl" duration-ms="670" started-at="2019-04-14T20:36:57Z" finished-at="2019-04-14T20:36:58Z">
          <reporter-output>
          </reporter-output>
        </test-method> <!-- testWriteInXl -->
        <test-method status="PASS" signature="afterEachTest()[pri:0, instance:prec.ReadFromXl@5bd03f44]" name="afterEachTest" is-config="true" duration-ms="0" started-at="2019-04-14T20:36:58Z" finished-at="2019-04-14T20:36:58Z">
          <reporter-output>
          </reporter-output>
        </test-method> <!-- afterEachTest -->
      </class> <!-- prec.ReadFromXl -->
    </test> <!-- Default test -->
  </suite> <!-- Default suite -->
</testng-results>
