<?xml version="1.0" encoding="UTF-8"?>
<testng-results skipped="0" failed="0" ignored="0" total="2" passed="2">
  <reporter-output>
  </reporter-output>
  <suite name="Default suite" duration-ms="18317" started-at="2019-03-31T15:10:40Z" finished-at="2019-03-31T15:10:58Z">
    <groups>
    </groups>
    <test name="Default test" duration-ms="18317" started-at="2019-03-31T15:10:40Z" finished-at="2019-03-31T15:10:58Z">
      <class name="test.facebook.login.LoginFacebook">
        <test-method status="PASS" signature="beforeEachTest()[pri:0, instance:test.facebook.login.LoginFacebook@50c87b21]" name="beforeEachTest" is-config="true" duration-ms="7021" started-at="2019-03-31T11:10:50Z" finished-at="2019-03-31T11:10:57Z">
          <reporter-output>
          </reporter-output>
        </test-method> <!-- beforeEachTest -->
        <test-method status="PASS" signature="testFacebookSignup()[pri:0, instance:test.facebook.login.LoginFacebook@50c87b21]" name="testFacebookSignup" duration-ms="333" started-at="2019-03-31T11:10:57Z" finished-at="2019-03-31T11:10:58Z">
          <reporter-output>
          </reporter-output>
        </test-method> <!-- testFacebookSignup -->
        <test-method status="PASS" signature="afterEachTest()[pri:0, instance:test.facebook.login.LoginFacebook@50c87b21]" name="afterEachTest" is-config="true" duration-ms="205" started-at="2019-03-31T11:10:58Z" finished-at="2019-03-31T11:10:58Z">
          <reporter-output>
          </reporter-output>
        </test-method> <!-- afterEachTest -->
      </class> <!-- test.facebook.login.LoginFacebook -->
      <class name="test.facebook.login.FacebookEmailPass">
        <test-method status="PASS" signature="beforeEachTest()[pri:0, instance:test.facebook.login.FacebookEmailPass@6d78f375]" name="beforeEachTest" is-config="true" duration-ms="8123" started-at="2019-03-31T11:10:40Z" finished-at="2019-03-31T11:10:48Z">
          <reporter-output>
          </reporter-output>
        </test-method> <!-- beforeEachTest -->
        <test-method status="PASS" signature="testFacebookEmailPass()[pri:0, instance:test.facebook.login.FacebookEmailPass@6d78f375]" name="testFacebookEmailPass" duration-ms="460" started-at="2019-03-31T11:10:48Z" finished-at="2019-03-31T11:10:48Z">
          <reporter-output>
          </reporter-output>
        </test-method> <!-- testFacebookEmailPass -->
        <test-method status="PASS" signature="afterEachTest()[pri:0, instance:test.facebook.login.FacebookEmailPass@6d78f375]" name="afterEachTest" is-config="true" duration-ms="2139" started-at="2019-03-31T11:10:48Z" finished-at="2019-03-31T11:10:50Z">
          <reporter-output>
          </reporter-output>
        </test-method> <!-- afterEachTest -->
      </class> <!-- test.facebook.login.FacebookEmailPass -->
    </test> <!-- Default test -->
  </suite> <!-- Default suite -->
</testng-results>
